{"level":"DEBUG","location":"[get_call:159] fyersModel","message":{"Status Code":200,"API":"/profile"},"timestamp":"2026-04-04 15:04:36,089+0530","service":"FyersAPIRequest"}
{"level":"DEBUG","location":"[get_call:159] fyersModel","message":{"Status Code":200,"API":"/profile"},"timestamp":"2026-04-04 15:04:36,416+0530","service":"FyersAPIRequest"}
{"level":"DEBUG","location":"[get_call:159] fyersModel","message":{"Status Code":200,"API":"/positions"},"timestamp":"2026-04-04 15:04:36,451+0530","service":"FyersAPIRequest"}
{"level":"DEBUG","location":"[get_call:159] fyersModel","message":{"Status Code":200,"API":"/profile"},"timestamp":"2026-04-04 15:04:36,525+0530","service":"FyersAPIRequest"}
{"level":"DEBUG","location":"[get_call:159] fyersModel","message":{"Status Code":200,"API":"/positions"},"timestamp":"2026-04-04 15:04:36,564+0530","service":"FyersAPIRequest"}
{"level":"DEBUG","location":"[get_call:159] fyersModel","message":{"Status Code":200,"API":"/profile"},"timestamp":"2026-04-04 15:04:39,280+0530","service":"FyersAPIRequest"}
{"level":"DEBUG","location":"[get_call:159] fyersModel","message":{"Status Code":200,"API":"/positions"},"timestamp":"2026-04-04 15:04:39,314+0530","service":"FyersAPIRequest"}
{"level":"DEBUG","location":"[get_call:159] fyersModel","message":{"Status Code":200,"API":"/profile"},"timestamp":"2026-04-04 15:04:40,540+0530","service":"FyersAPIRequest"}
{"level":"DEBUG","location":"[get_call:159] fyersModel","message":{"Status Code":200,"API":"/positions"},"timestamp":"2026-04-04 15:04:40,575+0530","service":"FyersAPIRequest"}
{"level":"DEBUG","location":"[get_call:159] fyersModel","message":{"Status Code":200,"API":"/profile"},"timestamp":"2026-04-04 15:04:43,278+0530","service":"FyersAPIRequest"}
{"level":"DEBUG","location":"[get_call:159] fyersModel","message":{"Status Code":200,"API":"/positions"},"timestamp":"2026-04-04 15:04:43,314+0530","service":"FyersAPIRequest"}
{"level":"DEBUG","location":"[get_call:159] fyersModel","message":{"Status Code":401,"API":"/profile"},"timestamp":"2026-04-21 22:13:56,081+0530","service":"FyersAPIRequest"}
{"level":"DEBUG","location":"[get_call:159] fyersModel","message":{"Status Code":200,"API":"/profile"},"timestamp":"2026-04-21 22:13:58,199+0530","service":"FyersAPIRequest"}
{"level":"DEBUG","location":"[get_call:159] fyersModel","message":{"Status Code":200,"API":"/profile"},"timestamp":"2026-04-21 22:13:58,504+0530","service":"FyersAPIRequest"}
{"level":"DEBUG","location":"[get_call:159] fyersModel","message":{"Status Code":200,"API":"/profile"},"timestamp":"2026-04-21 22:14:47,760+0530","service":"FyersAPIRequest"}
{"level":"DEBUG","location":"[get_call:159] fyersModel","message":{"Status Code":200,"API":"/history"},"timestamp":"2026-04-21 22:14:47,813+0530","service":"FyersAPIRequest"}
{"level":"DEBUG","location":"[get_call:159] fyersModel","message":{"Status Code":422,"API":"/history"},"timestamp":"2026-04-21 22:14:50,917+0530","service":"FyersAPIRequest"}
{"level":"DEBUG","location":"[get_call:159] fyersModel","message":{"Status Code":422,"API":"/history"},"timestamp":"2026-04-21 22:14:50,959+0530","service":"FyersAPIRequest"}
{"level":"DEBUG","location":"[get_call:159] fyersModel","message":{"Status Code":422,"API":"/history"},"timestamp":"2026-04-21 22:14:50,995+0530","service":"FyersAPIRequest"}
{"level":"DEBUG","location":"[get_call:159] fyersModel","message":{"Status Code":422,"API":"/history"},"timestamp":"2026-04-21 22:14:51,036+0530","service":"FyersAPIRequest"}
{"level":"DEBUG","location":"[get_call:159] fyersModel","message":{"Status Code":422,"API":"/history"},"timestamp":"2026-04-21 22:14:52,077+0530","service":"FyersAPIRequest"}
{"level":"DEBUG","location":"[get_call:159] fyersModel","message":{"Status Code":422,"API":"/history"},"timestamp":"2026-04-21 22:14:52,116+0530","service":"FyersAPIRequest"}
{"level":"DEBUG","location":"[get_call:159] fyersModel","message":{"Status Code":422,"API":"/history"},"timestamp":"2026-04-21 22:14:52,151+0530","service":"FyersAPIRequest"}
{"level":"DEBUG","location":"[get_call:159] fyersModel","message":{"Status Code":422,"API":"/history"},"timestamp":"2026-04-21 22:14:52,187+0530","service":"FyersAPIRequest"}
{"level":"DEBUG","location":"[get_call:159] fyersModel","message":{"Status Code":422,"API":"/history"},"timestamp":"2026-04-21 22:14:53,256+0530","service":"FyersAPIRequest"}
{"level":"DEBUG","location":"[get_call:159] fyersModel","message":{"Status Code":422,"API":"/history"},"timestamp":"2026-04-21 22:14:53,301+0530","service":"FyersAPIRequest"}
{"level":"DEBUG","location":"[get_call:159] fyersModel","message":{"Status Code":422,"API":"/history"},"timestamp":"2026-04-21 22:14:53,340+0530","service":"FyersAPIRequest"}
{"level":"DEBUG","location":"[get_call:159] fyersModel","message":{"Status Code":422,"API":"/history"},"timestamp":"2026-04-21 22:14:53,377+0530","service":"FyersAPIRequest"}
{"level":"DEBUG","location":"[get_call:159] fyersModel","message":{"Status Code":200,"API":"/profile"},"timestamp":"2026-04-21 22:15:53,927+0530","service":"FyersAPIRequest"}
{"level":"DEBUG","location":"[get_call:159] fyersModel","message":{"Status Code":200,"API":"/history"},"timestamp":"2026-04-21 22:15:53,995+0530","service":"FyersAPIRequest"}
{"level":"DEBUG","location":"[get_call:159] fyersModel","message":{"Status Code":422,"API":"/history"},"timestamp":"2026-04-21 22:15:54,077+0530","service":"FyersAPIRequest"}
{"level":"DEBUG","location":"[get_call:159] fyersModel","message":{"Status Code":422,"API":"/history"},"timestamp":"2026-04-21 22:15:54,115+0530","service":"FyersAPIRequest"}
{"level":"DEBUG","location":"[get_call:159] fyersModel","message":{"Status Code":422,"API":"/history"},"timestamp":"2026-04-21 22:15:54,152+0530","service":"FyersAPIRequest"}
{"level":"DEBUG","location":"[get_call:159] fyersModel","message":{"Status Code":422,"API":"/history"},"timestamp":"2026-04-21 22:15:54,188+0530","service":"FyersAPIRequest"}
{"level":"DEBUG","location":"[get_call:159] fyersModel","message":{"Status Code":422,"API":"/history"},"timestamp":"2026-04-21 22:15:55,230+0530","service":"FyersAPIRequest"}
{"level":"DEBUG","location":"[get_call:159] fyersModel","message":{"Status Code":422,"API":"/history"},"timestamp":"2026-04-21 22:15:55,267+0530","service":"FyersAPIRequest"}
{"level":"DEBUG","location":"[get_call:159] fyersModel","message":{"Status Code":422,"API":"/history"},"timestamp":"2026-04-21 22:15:55,306+0530","service":"FyersAPIRequest"}
{"level":"DEBUG","location":"[get_call:159] fyersModel","message":{"Status Code":422,"API":"/history"},"timestamp":"2026-04-21 22:15:55,344+0530","service":"FyersAPIRequest"}
{"level":"DEBUG","location":"[get_call:159] fyersModel","message":{"Status Code":422,"API":"/history"},"timestamp":"2026-04-21 22:15:56,389+0530","service":"FyersAPIRequest"}
{"level":"DEBUG","location":"[get_call:159] fyersModel","message":{"Status Code":422,"API":"/history"},"timestamp":"2026-04-21 22:15:56,430+0530","service":"FyersAPIRequest"}
{"level":"DEBUG","location":"[get_call:159] fyersModel","message":{"Status Code":422,"API":"/history"},"timestamp":"2026-04-21 22:15:56,474+0530","service":"FyersAPIRequest"}
{"level":"DEBUG","location":"[get_call:159] fyersModel","message":{"Status Code":422,"API":"/history"},"timestamp":"2026-04-21 22:15:56,510+0530","service":"FyersAPIRequest"}
{"level":"DEBUG","location":"[get_call:159] fyersModel","message":{"Status Code":200,"API":"/profile"},"timestamp":"2026-04-21 22:18:01,460+0530","service":"FyersAPIRequest"}
{"level":"DEBUG","location":"[get_call:159] fyersModel","message":{"Status Code":200,"API":"/history"},"timestamp":"2026-04-21 22:18:01,515+0530","service":"FyersAPIRequest"}
{"level":"DEBUG","location":"[get_call:159] fyersModel","message":{"Status Code":422,"API":"/history"},"timestamp":"2026-04-21 22:18:01,593+0530","service":"FyersAPIRequest"}
{"level":"DEBUG","location":"[get_call:159] fyersModel","message":{"Status Code":422,"API":"/history"},"timestamp":"2026-04-21 22:18:01,633+0530","service":"FyersAPIRequest"}
{"level":"DEBUG","location":"[get_call:159] fyersModel","message":{"Status Code":422,"API":"/history"},"timestamp":"2026-04-21 22:18:01,675+0530","service":"FyersAPIRequest"}
{"level":"DEBUG","location":"[get_call:159] fyersModel","message":{"Status Code":422,"API":"/history"},"timestamp":"2026-04-21 22:18:01,714+0530","service":"FyersAPIRequest"}
{"level":"DEBUG","location":"[get_call:159] fyersModel","message":{"Status Code":422,"API":"/history"},"timestamp":"2026-04-21 22:18:02,759+0530","service":"FyersAPIRequest"}
{"level":"DEBUG","location":"[get_call:159] fyersModel","message":{"Status Code":422,"API":"/history"},"timestamp":"2026-04-21 22:18:02,797+0530","service":"FyersAPIRequest"}
{"level":"DEBUG","location":"[get_call:159] fyersModel","message":{"Status Code":422,"API":"/history"},"timestamp":"2026-04-21 22:18:02,842+0530","service":"FyersAPIRequest"}
{"level":"DEBUG","location":"[get_call:159] fyersModel","message":{"Status Code":422,"API":"/history"},"timestamp":"2026-04-21 22:18:02,881+0530","service":"FyersAPIRequest"}
{"level":"DEBUG","location":"[get_call:159] fyersModel","message":{"Status Code":422,"API":"/history"},"timestamp":"2026-04-21 22:18:03,926+0530","service":"FyersAPIRequest"}
{"level":"DEBUG","location":"[get_call:159] fyersModel","message":{"Status Code":422,"API":"/history"},"timestamp":"2026-04-21 22:18:03,963+0530","service":"FyersAPIRequest"}
{"level":"DEBUG","location":"[get_call:159] fyersModel","message":{"Status Code":422,"API":"/history"},"timestamp":"2026-04-21 22:18:04,006+0530","service":"FyersAPIRequest"}
{"level":"DEBUG","location":"[get_call:159] fyersModel","message":{"Status Code":422,"API":"/history"},"timestamp":"2026-04-21 22:18:04,042+0530","service":"FyersAPIRequest"}
{"level":"DEBUG","location":"[get_call:159] fyersModel","message":{"Status Code":200,"API":"/profile"},"timestamp":"2026-04-21 22:18:16,950+0530","service":"FyersAPIRequest"}
{"level":"DEBUG","location":"[get_call:159] fyersModel","message":{"Status Code":200,"API":"/history"},"timestamp":"2026-04-21 22:18:17,002+0530","service":"FyersAPIRequest"}
{"level":"DEBUG","location":"[get_call:159] fyersModel","message":{"Status Code":422,"API":"/history"},"timestamp":"2026-04-21 22:18:17,050+0530","service":"FyersAPIRequest"}
{"level":"DEBUG","location":"[get_call:159] fyersModel","message":{"Status Code":422,"API":"/history"},"timestamp":"2026-04-21 22:18:17,086+0530","service":"FyersAPIRequest"}
{"level":"DEBUG","location":"[get_call:159] fyersModel","message":{"Status Code":422,"API":"/history"},"timestamp":"2026-04-21 22:18:17,124+0530","service":"FyersAPIRequest"}
{"level":"DEBUG","location":"[get_call:159] fyersModel","message":{"Status Code":422,"API":"/history"},"timestamp":"2026-04-21 22:18:17,160+0530","service":"FyersAPIRequest"}
{"level":"DEBUG","location":"[get_call:159] fyersModel","message":{"Status Code":422,"API":"/history"},"timestamp":"2026-04-21 22:18:18,200+0530","service":"FyersAPIRequest"}
{"level":"DEBUG","location":"[get_call:159] fyersModel","message":{"Status Code":422,"API":"/history"},"timestamp":"2026-04-21 22:18:18,240+0530","service":"FyersAPIRequest"}
{"level":"DEBUG","location":"[get_call:159] fyersModel","message":{"Status Code":422,"API":"/history"},"timestamp":"2026-04-21 22:18:18,276+0530","service":"FyersAPIRequest"}
{"level":"DEBUG","location":"[get_call:159] fyersModel","message":{"Status Code":422,"API":"/history"},"timestamp":"2026-04-21 22:18:18,313+0530","service":"FyersAPIRequest"}
{"level":"DEBUG","location":"[get_call:159] fyersModel","message":{"Status Code":422,"API":"/history"},"timestamp":"2026-04-21 22:18:19,352+0530","service":"FyersAPIRequest"}
{"level":"DEBUG","location":"[get_call:159] fyersModel","message":{"Status Code":422,"API":"/history"},"timestamp":"2026-04-21 22:18:19,389+0530","service":"FyersAPIRequest"}
{"level":"DEBUG","location":"[get_call:159] fyersModel","message":{"Status Code":422,"API":"/history"},"timestamp":"2026-04-21 22:18:19,430+0530","service":"FyersAPIRequest"}
{"level":"DEBUG","location":"[get_call:159] fyersModel","message":{"Status Code":422,"API":"/history"},"timestamp":"2026-04-21 22:18:19,470+0530","service":"FyersAPIRequest"}
{"level":"DEBUG","location":"[get_call:159] fyersModel","message":{"Status Code":200,"API":"/profile"},"timestamp":"2026-04-21 22:21:41,897+0530","service":"FyersAPIRequest"}
{"level":"DEBUG","location":"[get_call:159] fyersModel","message":{"Status Code":200,"API":"/history"},"timestamp":"2026-04-21 22:21:41,948+0530","service":"FyersAPIRequest"}
{"level":"DEBUG","location":"[get_call:159] fyersModel","message":{"Status Code":422,"API":"/history"},"timestamp":"2026-04-21 22:21:42,030+0530","service":"FyersAPIRequest"}
{"level":"DEBUG","location":"[get_call:159] fyersModel","message":{"Status Code":422,"API":"/history"},"timestamp":"2026-04-21 22:21:42,063+0530","service":"FyersAPIRequest"}
{"level":"DEBUG","location":"[get_call:159] fyersModel","message":{"Status Code":422,"API":"/history"},"timestamp":"2026-04-21 22:21:42,098+0530","service":"FyersAPIRequest"}
{"level":"DEBUG","location":"[get_call:159] fyersModel","message":{"Status Code":422,"API":"/history"},"timestamp":"2026-04-21 22:21:42,137+0530","service":"FyersAPIRequest"}
{"level":"DEBUG","location":"[get_call:159] fyersModel","message":{"Status Code":422,"API":"/history"},"timestamp":"2026-04-21 22:21:43,176+0530","service":"FyersAPIRequest"}
{"level":"DEBUG","location":"[get_call:159] fyersModel","message":{"Status Code":422,"API":"/history"},"timestamp":"2026-04-21 22:21:43,219+0530","service":"FyersAPIRequest"}
{"level":"DEBUG","location":"[get_call:159] fyersModel","message":{"Status Code":422,"API":"/history"},"timestamp":"2026-04-21 22:21:43,256+0530","service":"FyersAPIRequest"}
{"level":"DEBUG","location":"[get_call:159] fyersModel","message":{"Status Code":422,"API":"/history"},"timestamp":"2026-04-21 22:21:43,299+0530","service":"FyersAPIRequest"}
{"level":"DEBUG","location":"[get_call:159] fyersModel","message":{"Status Code":422,"API":"/history"},"timestamp":"2026-04-21 22:21:44,343+0530","service":"FyersAPIRequest"}
{"level":"DEBUG","location":"[get_call:159] fyersModel","message":{"Status Code":422,"API":"/history"},"timestamp":"2026-04-21 22:21:44,384+0530","service":"FyersAPIRequest"}
{"level":"DEBUG","location":"[get_call:159] fyersModel","message":{"Status Code":422,"API":"/history"},"timestamp":"2026-04-21 22:21:44,427+0530","service":"FyersAPIRequest"}
{"level":"DEBUG","location":"[get_call:159] fyersModel","message":{"Status Code":422,"API":"/history"},"timestamp":"2026-04-21 22:21:44,465+0530","service":"FyersAPIRequest"}
{"level":"DEBUG","location":"[get_call:159] fyersModel","message":{"Status Code":200,"API":"/profile"},"timestamp":"2026-04-21 22:24:40,684+0530","service":"FyersAPIRequest"}
{"level":"DEBUG","location":"[get_call:159] fyersModel","message":{"Status Code":200,"API":"/history"},"timestamp":"2026-04-21 22:24:40,739+0530","service":"FyersAPIRequest"}
{"level":"DEBUG","location":"[get_call:159] fyersModel","message":{"Status Code":200,"API":"/history"},"timestamp":"2026-04-21 22:24:40,845+0530","service":"FyersAPIRequest"}
{"level":"DEBUG","location":"[get_call:159] fyersModel","message":{"Status Code":200,"API":"/history"},"timestamp":"2026-04-21 22:24:40,916+0530","service":"FyersAPIRequest"}
{"level":"DEBUG","location":"[get_call:159] fyersModel","message":{"Status Code":200,"API":"/history"},"timestamp":"2026-04-21 22:24:40,981+0530","service":"FyersAPIRequest"}
{"level":"DEBUG","location":"[get_call:159] fyersModel","message":{"Status Code":200,"API":"/history"},"timestamp":"2026-04-21 22:24:41,038+0530","service":"FyersAPIRequest"}
{"level":"DEBUG","location":"[get_call:159] fyersModel","message":{"Status Code":200,"API":"/quotes"},"timestamp":"2026-04-21 22:24:41,080+0530","service":"FyersAPIRequest"}
{"level":"DEBUG","location":"[get_call:159] fyersModel","message":{"Status Code":200,"API":"/quotes"},"timestamp":"2026-04-21 22:24:41,115+0530","service":"FyersAPIRequest"}
{"level":"DEBUG","location":"[post_call:100] fyersModel","message":{"Status Code":400,"API":"/orders/sync"},"timestamp":"2026-04-21 22:24:41,152+0530","service":"FyersAPIRequest"}
{"level":"DEBUG","location":"[get_call:159] fyersModel","message":{"Status Code":200,"API":"/history"},"timestamp":"2026-04-21 22:24:42,200+0530","service":"FyersAPIRequest"}
{"level":"DEBUG","location":"[get_call:159] fyersModel","message":{"Status Code":200,"API":"/history"},"timestamp":"2026-04-21 22:24:42,255+0530","service":"FyersAPIRequest"}
{"level":"DEBUG","location":"[get_call:159] fyersModel","message":{"Status Code":200,"API":"/history"},"timestamp":"2026-04-21 22:24:42,305+0530","service":"FyersAPIRequest"}
{"level":"DEBUG","location":"[get_call:159] fyersModel","message":{"Status Code":200,"API":"/history"},"timestamp":"2026-04-21 22:24:42,357+0530","service":"FyersAPIRequest"}
{"level":"DEBUG","location":"[get_call:159] fyersModel","message":{"Status Code":200,"API":"/quotes"},"timestamp":"2026-04-21 22:24:42,430+0530","service":"FyersAPIRequest"}
{"level":"DEBUG","location":"[get_call:159] fyersModel","message":{"Status Code":200,"API":"/quotes"},"timestamp":"2026-04-21 22:24:42,465+0530","service":"FyersAPIRequest"}
{"level":"DEBUG","location":"[post_call:100] fyersModel","message":{"Status Code":400,"API":"/orders/sync"},"timestamp":"2026-04-21 22:24:42,504+0530","service":"FyersAPIRequest"}
{"level":"DEBUG","location":"[get_call:159] fyersModel","message":{"Status Code":200,"API":"/history"},"timestamp":"2026-04-21 22:24:43,558+0530","service":"FyersAPIRequest"}
{"level":"DEBUG","location":"[get_call:159] fyersModel","message":{"Status Code":200,"API":"/history"},"timestamp":"2026-04-21 22:24:43,613+0530","service":"FyersAPIRequest"}
{"level":"DEBUG","location":"[get_call:159] fyersModel","message":{"Status Code":200,"API":"/history"},"timestamp":"2026-04-21 22:24:43,667+0530","service":"FyersAPIRequest"}
{"level":"DEBUG","location":"[get_call:159] fyersModel","message":{"Status Code":200,"API":"/history"},"timestamp":"2026-04-21 22:24:43,721+0530","service":"FyersAPIRequest"}
{"level":"DEBUG","location":"[get_call:159] fyersModel","message":{"Status Code":200,"API":"/profile"},"timestamp":"2026-04-21 22:26:37,805+0530","service":"FyersAPIRequest"}
{"level":"DEBUG","location":"[get_call:159] fyersModel","message":{"Status Code":200,"API":"/profile"},"timestamp":"2026-04-21 22:26:42,818+0530","service":"FyersAPIRequest"}
{"level":"DEBUG","location":"[get_call:159] fyersModel","message":{"Status Code":200,"API":"/profile"},"timestamp":"2026-04-21 22:28:25,024+0530","service":"FyersAPIRequest"}
